2014-06-27 09:40:28 Warning: Warning (2): Missing argument 1 for CommentController::check_shop() in [E:\xampp\htdocs\websitetemplate\app\controllers\comment_controller.php, line 343]
2014-06-27 09:51:01 Warning: Warning (2): Missing argument 1 for CommentController::check_shop() in [E:\xampp\htdocs\websitetemplate\app\controllers\comment_controller.php, line 343]
2014-06-30 03:53:21 Warning: Warning (2): Missing argument 1 for CommentController::check_shop() in [E:\xampp\htdocs\websitetemplate\app\controllers\comment_controller.php, line 343]
2014-06-30 03:53:21 Warning: Warning (2): Invalid argument supplied for foreach() in [E:\xampp\htdocs\websitetemplate\app\views\temshop\index.ctp, line 34]
2014-06-30 03:54:38 Warning: Warning (2): Missing argument 1 for CommentController::check_shop() in [E:\xampp\htdocs\websitetemplate\app\controllers\comment_controller.php, line 343]
2014-06-30 03:54:38 Warning: Warning (2): Invalid argument supplied for foreach() in [E:\xampp\htdocs\websitetemplate\app\views\temshop\index.ctp, line 34]
2014-06-30 04:04:55 Warning: Warning (2): Missing argument 1 for CommentController::check_shop() in [E:\xampp\htdocs\websitetemplate\app\controllers\comment_controller.php, line 343]
2014-06-30 04:04:55 Warning: Warning (2): Invalid argument supplied for foreach() in [E:\xampp\htdocs\websitetemplate\app\views\temshop\index.ctp, line 34]
2014-06-30 04:05:01 Warning: Warning (2): Missing argument 1 for CommentController::check_shop() in [E:\xampp\htdocs\websitetemplate\app\controllers\comment_controller.php, line 343]
2014-06-30 04:05:01 Warning: Warning (2): Invalid argument supplied for foreach() in [E:\xampp\htdocs\websitetemplate\app\views\temshop\index.ctp, line 34]
2014-06-30 04:08:19 Warning: Warning (2): Missing argument 1 for CommentController::check_shop() in [E:\xampp\htdocs\websitetemplate\app\controllers\comment_controller.php, line 343]
2014-06-30 04:09:16 Warning: Warning (2): Missing argument 1 for CommentController::check_shop() in [E:\xampp\htdocs\websitetemplate\app\controllers\comment_controller.php, line 343]
2014-06-30 04:12:04 Warning: Warning (2): Missing argument 1 for CommentController::check_shop() in [E:\xampp\htdocs\websitetemplate\app\controllers\comment_controller.php, line 343]
2014-06-30 04:12:45 Warning: Warning (2): Missing argument 1 for CommentController::check_shop() in [E:\xampp\htdocs\websitetemplate\app\controllers\comment_controller.php, line 343]
2014-06-30 04:13:00 Warning: Warning (2): Missing argument 1 for CommentController::check_shop() in [E:\xampp\htdocs\websitetemplate\app\controllers\comment_controller.php, line 343]
2014-06-30 04:13:35 Warning: Warning (2): Missing argument 1 for CommentController::check_shop() in [E:\xampp\htdocs\websitetemplate\app\controllers\comment_controller.php, line 343]
2014-06-30 04:14:25 Warning: Warning (2): Missing argument 1 for CommentController::check_shop() in [E:\xampp\htdocs\websitetemplate\app\controllers\comment_controller.php, line 343]
2014-06-30 04:15:06 Warning: Warning (2): Missing argument 1 for CommentController::check_shop() in [E:\xampp\htdocs\websitetemplate\app\controllers\comment_controller.php, line 343]
2014-06-30 05:13:41 Warning: Warning (2): Missing argument 1 for CommentController::check_shop() in [E:\xampp\htdocs\websitetemplate\app\controllers\comment_controller.php, line 343]
2014-06-30 05:30:42 Warning: Warning (512): <span style="color:Red;text-align:left"><b>SQL Error:</b> 1048: Column 'user_id' cannot be null</span> in [E:\xampp\htdocs\websitetemplate\cake\libs\model\datasources\dbo_source.php, line 684]
2014-06-30 05:35:58 Warning: Warning (2): Missing argument 1 for CommentController::get_user_id() in [E:\xampp\htdocs\websitetemplate\app\controllers\comment_controller.php, line 278]
2014-06-30 05:38:37 Warning: Warning (2): Missing argument 1 for CommentController::get_user_id() in [E:\xampp\htdocs\websitetemplate\app\controllers\comment_controller.php, line 278]
2014-06-30 05:39:30 Warning: Warning (2): Missing argument 1 for CommentController::get_user_id() in [E:\xampp\htdocs\websitetemplate\app\controllers\comment_controller.php, line 278]
2014-06-30 05:55:26 Warning: Warning (2): mkdir() [<a href='http://php.net/function.mkdir'>function.mkdir</a>]: File exists in [E:\xampp\htdocs\websitetemplate\app\controllers\registrationshop_controller.php, line 431]
2014-06-30 06:13:58 Warning: Warning (512): <span style="color:Red;text-align:left"><b>SQL Error:</b> 1048: Column 'user_id' cannot be null</span> in [E:\xampp\htdocs\websitetemplate\cake\libs\model\datasources\dbo_source.php, line 684]
2014-06-30 06:16:14 Warning: Warning (2): Missing argument 1 for CommentController::check_shop() in [E:\xampp\htdocs\websitetemplate\app\controllers\comment_controller.php, line 343]
2014-06-30 06:16:14 Warning: Warning (2): Invalid argument supplied for foreach() in [E:\xampp\htdocs\websitetemplate\app\views\temshop\index.ctp, line 34]
2014-06-30 06:16:15 Warning: Warning (2): Missing argument 1 for CommentController::check_shop() in [E:\xampp\htdocs\websitetemplate\app\controllers\comment_controller.php, line 343]
2014-06-30 06:16:15 Warning: Warning (2): Invalid argument supplied for foreach() in [E:\xampp\htdocs\websitetemplate\app\views\temshop\index.ctp, line 34]
2014-06-30 06:16:21 Warning: Warning (2): Missing argument 1 for CommentController::check_shop() in [E:\xampp\htdocs\websitetemplate\app\controllers\comment_controller.php, line 343]
2014-06-30 06:16:21 Warning: Warning (2): Invalid argument supplied for foreach() in [E:\xampp\htdocs\websitetemplate\app\views\temshop\index.ctp, line 34]
2014-06-30 06:20:29 Warning: Warning (2): mkdir() [<a href='http://php.net/function.mkdir'>function.mkdir</a>]: File exists in [E:\xampp\htdocs\websitetemplate\app\controllers\registrationshop_controller.php, line 479]
2014-06-30 08:51:39 Warning: Warning (2): Invalid argument supplied for foreach() in [E:\xampp\htdocs\websitetemplate\app\views\elements\themeshop\template2\header.ctp, line 69]
2014-06-30 08:54:20 Warning: Warning (2): Invalid argument supplied for foreach() in [E:\xampp\htdocs\websitetemplate\app\views\elements\themeshop\template2\header.ctp, line 69]
2014-06-30 08:55:58 Warning: Warning (2): Invalid argument supplied for foreach() in [E:\xampp\htdocs\websitetemplate\app\views\elements\themeshop\template2\header.ctp, line 69]
2014-06-30 08:59:48 Warning: Warning (2): Invalid argument supplied for foreach() in [E:\xampp\htdocs\websitetemplate\app\views\elements\themeshop\template2\header.ctp, line 69]
2014-06-30 09:00:01 Warning: Warning (2): Invalid argument supplied for foreach() in [E:\xampp\htdocs\websitetemplate\app\views\elements\themeshop\template2\header.ctp, line 69]
2014-06-30 09:00:04 Warning: Warning (2): Invalid argument supplied for foreach() in [E:\xampp\htdocs\websitetemplate\app\views\elements\themeshop\template2\header.ctp, line 69]
2014-06-30 09:00:06 Warning: Warning (2): Invalid argument supplied for foreach() in [E:\xampp\htdocs\websitetemplate\app\views\elements\themeshop\template2\header.ctp, line 69]
2014-06-30 09:00:08 Warning: Warning (2): Invalid argument supplied for foreach() in [E:\xampp\htdocs\websitetemplate\app\views\elements\themeshop\template2\header.ctp, line 69]
2014-06-30 09:00:10 Warning: Warning (2): Invalid argument supplied for foreach() in [E:\xampp\htdocs\websitetemplate\app\views\elements\themeshop\template2\header.ctp, line 69]
2014-06-30 09:12:06 Warning: Warning (2): Invalid argument supplied for foreach() in [E:\xampp\htdocs\websitetemplate\app\views\elements\themeshop\template2\header.ctp, line 69]
2014-06-30 09:12:28 Warning: Warning (2): Invalid argument supplied for foreach() in [E:\xampp\htdocs\websitetemplate\app\views\elements\themeshop\template2\header.ctp, line 69]
2014-06-30 09:48:45 Warning: Warning (2): Invalid argument supplied for foreach() in [E:\xampp\htdocs\websitetemplate\app\views\elements\themeshop\template2\header.ctp, line 54]
2014-06-30 09:48:54 Warning: Warning (2): Invalid argument supplied for foreach() in [E:\xampp\htdocs\websitetemplate\app\views\elements\themeshop\template2\header.ctp, line 54]
2014-06-30 09:48:59 Warning: Warning (2): Invalid argument supplied for foreach() in [E:\xampp\htdocs\websitetemplate\app\views\elements\themeshop\template2\header.ctp, line 54]
2014-06-30 09:49:09 Warning: Warning (2): Invalid argument supplied for foreach() in [E:\xampp\htdocs\websitetemplate\app\views\elements\themeshop\template2\header.ctp, line 54]
2014-06-30 09:49:16 Warning: Warning (2): Invalid argument supplied for foreach() in [E:\xampp\htdocs\websitetemplate\app\views\elements\themeshop\template2\header.ctp, line 54]
2014-06-30 09:50:45 Warning: Warning (2): Invalid argument supplied for foreach() in [E:\xampp\htdocs\websitetemplate\app\views\elements\themeshop\template2\header.ctp, line 47]
2014-06-30 10:02:01 Warning: Warning (2): Missing argument 1 for CommentController::check_shop() in [E:\xampp\htdocs\websitetemplate\app\controllers\comment_controller.php, line 345]
2014-06-30 10:02:01 Warning: Warning (2): Invalid argument supplied for foreach() in [E:\xampp\htdocs\websitetemplate\app\views\temshop\index.ctp, line 34]
